Arguments: 
  C:\Program Files\nodejs\node.exe C:\Users\Abo-Panda\AppData\Roaming\npm\node_modules\yarn\bin\yarn.js install

PATH: 
  C:\Program Files (x86)\VMware\VMware Workstation\bin\;C:\Python39\Scripts\;C:\Python39\;C:\Python27\;C:\Python27\Scripts;C:\Windows\system32;C:\Windows;C:\Windows\System32\Wbem;C:\Windows\System32\WindowsPowerShell\v1.0\;C:\Windows\System32\OpenSSH\;C:\ProgramData\chocolatey\bin;C:\Program Files\Go\bin;C:\Program Files\TortoiseGit\bin;C:\Program Files\nodejs\;C:\Program Files\PuTTY\;C:\Program Files\7-Zip\;C:\Users\Abo-Panda\.ipfs\;C:\Program Files\Git\cmd;C:\Users\Abo-Panda\AppData\Local\Microsoft\WindowsApps;C:\Users\Abo-Panda\AppData\Local\Programs\Microsoft VS Code\bin;C:\Users\Abo-Panda\AppData\Roaming\npm;C:\Users\Abo-Panda\go\bin;C:\Users\Abo-Panda\AppData\Local\nvs\;C:\Users\Abo-Panda\AppData\Local\Programs\IPFS Desktop\resources\app.asar.unpacked\src\ipfs-on-path\scripts\bin-win;C:\Program Files\MongoDB\Server\4.4\bin;

Yarn version: 
  1.22.11

Node version: 
  12.3.1

Platform: 
  win32 x64

Trace: 
  Error: connect ETIMEDOUT 104.16.20.35:443
      at TCPConnectWrap.afterConnect [as oncomplete] (net.js:1054:14)

npm manifest: 
  {
    "name": "netstorm",
    "version": "0.1.0",
    "private": true,
    "description": "https://github.com/mui-org/material-ui/blob/v5.0.0/docs/src/pages/components/progress/LinearWithValueLabel.js",
    "dependencies": {
      "@alch/alchemy-web3": "^1.1.4",
      "@emotion/react": "^11.4.1",
      "@emotion/styled": "^11.3.0",
      "@mui/icons-material": "^5.0.0",
      "@mui/material": "^5.0.0",
      "@mui/styled-engine-sc": "^5.0.0",
      "@nomiclabs/hardhat-etherscan": "^2.1.7",
      "@openzeppelin/contracts": "^4.3.3",
      "@pinata/sdk": "^1.1.23",
      "@testing-library/jest-dom": "^5.14.1",
      "@testing-library/react": "^11.2.7",
      "@testing-library/user-event": "^12.8.3",
      "axios": "^0.21.4",
      "dotenv": "^10.0.0",
      "filestream": "^5.0.0",
      "fs": "0.0.1-security",
      "hardhat-deploy": "^0.9.1",
      "ipfs-http-client": "^52.0.3",
      "react": "^17.0.2",
      "react-dom": "^17.0.2",
      "react-dotenv": "^0.1.3",
      "react-router": "^5.2.0",
      "react-router-dom": "^5.2.0",
      "react-scripts": "4.0.3",
      "readable-stream": "^3.6.0",
      "stream-file": "^0.3.0",
      "styled-components": "^5.3.1",
      "web-vitals": "^1.1.2",
      "web3": "^1.6.0",
      "web3-eth": "^1.6.0",
      "web3modal": "^1.9.4"
    },
    "scripts": {
      "start": "react-scripts start",
      "build": "react-scripts build",
      "test": "react-scripts test",
      "eject": "react-scripts eject"
    },
    "eslintConfig": {
      "extends": [
        "react-app",
        "react-app/jest"
      ]
    },
    "browserslist": {
      "production": [
        ">0.2%",
        "not dead",
        "not op_mini all"
      ],
      "development": [
        "last 1 chrome version",
        "last 1 firefox version",
        "last 1 safari version"
      ]
    },
    "devDependencies": {
      "@nomiclabs/hardhat-ethers": "^2.0.2",
      "@nomiclabs/hardhat-waffle": "^2.0.1",
      "chai": "^4.3.4",
      "ethereum-waffle": "^3.4.0",
      "ethers": "^5.4.6",
      "hardhat": "^2.6.4"
    }
  }

yarn manifest: 
  No manifest

Lockfile: 
  No lockfile
